0 verbose cli /usr/local/bin/node /usr/local/bin/npm
1 info using npm@11.6.2
2 info using node@v24.11.1
3 silly config load:file:/usr/local/lib/node_modules/npm/npmrc
4 silly config load:file:/Users/mrrayan07/Downloads/nawaz_mobiles/.npmrc
5 silly config load:file:/Users/mrrayan07/.npmrc
6 silly config load:file:/usr/local/etc/npmrc
7 verbose title npm install @supabase/supabase-js @supabase/ssr zod sharp
8 verbose argv "install" "@supabase/supabase-js" "@supabase/ssr" "zod" "sharp"
9 verbose logfile logs-max:10 dir:/Users/mrrayan07/Downloads/nawaz_mobiles/.npm-cache/_logs/2026-02-04T14_13_09_360Z-
10 verbose logfile /Users/mrrayan07/Downloads/nawaz_mobiles/.npm-cache/_logs/2026-02-04T14_13_09_360Z-debug-0.log
11 silly logfile done cleaning log files
12 silly packumentCache heap:2348810240 maxSize:587202560 maxEntrySize:293601280
13 silly idealTree buildDeps
14 silly fetch manifest @supabase/supabase-js@*
15 silly packumentCache full:https://registry.npmjs.org/@supabase%2fsupabase-js cache-miss
16 http fetch GET 200 https://registry.npmjs.org/@supabase%2fsupabase-js 478ms (cache miss)
17 silly packumentCache full:https://registry.npmjs.org/@supabase%2fsupabase-js set size:undefined disposed:false
18 silly fetch manifest @supabase/ssr@*
19 silly packumentCache full:https://registry.npmjs.org/@supabase%2fssr cache-miss
20 http fetch GET 200 https://registry.npmjs.org/@supabase%2fssr 825ms (cache miss)
21 silly packumentCache full:https://registry.npmjs.org/@supabase%2fssr set size:undefined disposed:false
22 silly fetch manifest zod@*
23 silly packumentCache full:https://registry.npmjs.org/zod cache-miss
24 http cache https://registry.npmjs.org/zod 13ms (cache hit)
25 silly packumentCache full:https://registry.npmjs.org/zod set size:3489329 disposed:false
26 silly fetch manifest sharp@*
27 silly packumentCache full:https://registry.npmjs.org/sharp cache-miss
28 http cache https://registry.npmjs.org/sharp 14ms (cache hit)
29 silly packumentCache full:https://registry.npmjs.org/sharp set size:1034463 disposed:false
30 silly placeDep ROOT @supabase/ssr@0.8.0 OK for: nawaz_mobiles@1.0.0 want: *
31 silly placeDep ROOT @supabase/supabase-js@2.94.0 OK for: @supabase/ssr@0.8.0 want: ^2.76.1
32 silly placeDep ROOT @supabase/supabase-js@2.94.0 REPLACE for: nawaz_mobiles@1.0.0 want: *
33 silly placeDep ROOT sharp@0.34.5 REPLACE for: nawaz_mobiles@1.0.0 want: *
34 silly placeDep ROOT zod@4.3.6 REPLACE for: nawaz_mobiles@1.0.0 want: *
35 silly fetch manifest cookie@^1.0.2
36 silly packumentCache full:https://registry.npmjs.org/cookie cache-miss
37 silly fetch manifest @supabase/auth-js@2.94.0
38 silly packumentCache full:https://registry.npmjs.org/@supabase%2fauth-js cache-miss
39 silly fetch manifest @supabase/functions-js@2.94.0
40 silly packumentCache full:https://registry.npmjs.org/@supabase%2ffunctions-js cache-miss
41 silly fetch manifest @supabase/postgrest-js@2.94.0
42 silly packumentCache full:https://registry.npmjs.org/@supabase%2fpostgrest-js cache-miss
43 silly fetch manifest @supabase/realtime-js@2.94.0
44 silly packumentCache full:https://registry.npmjs.org/@supabase%2frealtime-js cache-miss
45 silly fetch manifest @supabase/storage-js@2.94.0
46 silly packumentCache full:https://registry.npmjs.org/@supabase%2fstorage-js cache-miss
47 silly fetch manifest @supabase/auth-js@2.94.0
48 silly packumentCache full:https://registry.npmjs.org/@supabase%2fauth-js cache-miss
49 http fetch GET 200 https://registry.npmjs.org/@supabase%2fauth-js 104ms (cache miss)
50 silly packumentCache full:https://registry.npmjs.org/@supabase%2fauth-js set size:undefined disposed:false
51 silly fetch manifest @supabase/functions-js@2.94.0
52 silly packumentCache full:https://registry.npmjs.org/@supabase%2ffunctions-js cache-miss
53 http fetch GET 200 https://registry.npmjs.org/@supabase%2ffunctions-js 77ms (cache miss)
54 silly packumentCache full:https://registry.npmjs.org/@supabase%2ffunctions-js set size:undefined disposed:false
55 silly fetch manifest @supabase/postgrest-js@2.94.0
56 silly packumentCache full:https://registry.npmjs.org/@supabase%2fpostgrest-js cache-miss
57 http fetch GET 200 https://registry.npmjs.org/cookie 230ms (cache miss)
58 silly packumentCache full:https://registry.npmjs.org/cookie set size:undefined disposed:false
59 silly fetch manifest @supabase/realtime-js@2.94.0
60 silly packumentCache full:https://registry.npmjs.org/@supabase%2frealtime-js cache-miss
61 http fetch GET 200 https://registry.npmjs.org/@supabase%2fauth-js 242ms (cache miss)
62 silly packumentCache full:https://registry.npmjs.org/@supabase%2fauth-js set size:undefined disposed:false
63 silly fetch manifest @supabase/storage-js@2.94.0
64 silly packumentCache full:https://registry.npmjs.org/@supabase%2fstorage-js cache-miss
65 http fetch GET 200 https://registry.npmjs.org/@supabase%2fstorage-js 276ms (cache miss)
66 silly packumentCache full:https://registry.npmjs.org/@supabase%2fstorage-js set size:undefined disposed:false
67 http fetch GET 200 https://registry.npmjs.org/@supabase%2ffunctions-js 284ms (cache miss)
68 silly packumentCache full:https://registry.npmjs.org/@supabase%2ffunctions-js set size:undefined disposed:false
69 http fetch GET 200 https://registry.npmjs.org/@supabase%2fpostgrest-js 108ms (cache miss)
70 silly packumentCache full:https://registry.npmjs.org/@supabase%2fpostgrest-js set size:undefined disposed:false
71 http fetch GET 200 https://registry.npmjs.org/@supabase%2fpostgrest-js 323ms (cache miss)
72 silly packumentCache full:https://registry.npmjs.org/@supabase%2fpostgrest-js set size:undefined disposed:false
73 http fetch GET 200 https://registry.npmjs.org/@supabase%2fstorage-js 105ms (cache miss)
74 silly packumentCache full:https://registry.npmjs.org/@supabase%2fstorage-js set size:undefined disposed:false
75 http fetch GET 200 https://registry.npmjs.org/@supabase%2frealtime-js 370ms (cache miss)
76 silly packumentCache full:https://registry.npmjs.org/@supabase%2frealtime-js set size:undefined disposed:false
77 http fetch GET 200 https://registry.npmjs.org/@supabase%2frealtime-js 628ms (cache miss)
78 silly packumentCache full:https://registry.npmjs.org/@supabase%2frealtime-js set size:undefined disposed:false
79 silly placeDep ROOT cookie@1.1.1 OK for: @supabase/ssr@0.8.0 want: ^1.0.2
80 silly placeDep ROOT @supabase/auth-js@2.94.0 OK for: @supabase/supabase-js@2.94.0 want: 2.94.0
81 silly placeDep ROOT @supabase/functions-js@2.94.0 OK for: @supabase/supabase-js@2.94.0 want: 2.94.0
82 silly placeDep ROOT @supabase/postgrest-js@2.94.0 OK for: @supabase/supabase-js@2.94.0 want: 2.94.0
83 silly placeDep ROOT @supabase/realtime-js@2.94.0 OK for: @supabase/supabase-js@2.94.0 want: 2.94.0
84 silly placeDep ROOT @supabase/storage-js@2.94.0 OK for: @supabase/supabase-js@2.94.0 want: 2.94.0
85 silly fetch manifest @types/phoenix@^1.6.6
86 silly packumentCache full:https://registry.npmjs.org/@types%2fphoenix cache-miss
87 silly fetch manifest @types/ws@^8.18.1
88 silly packumentCache full:https://registry.npmjs.org/@types%2fws cache-miss
89 silly fetch manifest ws@^8.18.2
90 silly packumentCache full:https://registry.npmjs.org/ws cache-miss
91 silly fetch manifest iceberg-js@^0.8.1
92 silly packumentCache full:https://registry.npmjs.org/iceberg-js cache-miss
93 http fetch GET 200 https://registry.npmjs.org/iceberg-js 80ms (cache miss)
94 silly packumentCache full:https://registry.npmjs.org/iceberg-js set size:undefined disposed:false
95 http fetch GET 200 https://registry.npmjs.org/ws 100ms (cache miss)
96 silly packumentCache full:https://registry.npmjs.org/ws set size:undefined disposed:false
97 http fetch GET 200 https://registry.npmjs.org/@types%2fphoenix 105ms (cache miss)
98 silly packumentCache full:https://registry.npmjs.org/@types%2fphoenix set size:undefined disposed:false
99 http fetch GET 200 https://registry.npmjs.org/@types%2fws 116ms (cache miss)
100 silly packumentCache full:https://registry.npmjs.org/@types%2fws set size:undefined disposed:false
101 silly fetch manifest bufferutil@^4.0.1
102 silly packumentCache full:https://registry.npmjs.org/bufferutil cache-miss
103 http fetch GET 200 https://registry.npmjs.org/bufferutil 76ms (cache miss)
104 silly packumentCache full:https://registry.npmjs.org/bufferutil set size:undefined disposed:false
105 silly fetch manifest utf-8-validate@>=5.0.2
106 silly packumentCache full:https://registry.npmjs.org/utf-8-validate cache-miss
107 http fetch GET 200 https://registry.npmjs.org/utf-8-validate 69ms (cache miss)
108 silly packumentCache full:https://registry.npmjs.org/utf-8-validate set size:undefined disposed:false
109 silly placeDep ROOT @types/phoenix@1.6.7 OK for: @supabase/realtime-js@2.94.0 want: ^1.6.6
110 silly placeDep ROOT @types/ws@8.18.1 OK for: @supabase/realtime-js@2.94.0 want: ^8.18.1
111 silly placeDep ROOT ws@8.19.0 OK for: @supabase/realtime-js@2.94.0 want: ^8.18.2
112 silly placeDep ROOT iceberg-js@0.8.1 OK for: @supabase/storage-js@2.94.0 want: ^0.8.1
113 silly reify moves {}
114 silly audit bulk request {
114 silly audit   '@babel/code-frame': [ '7.29.0' ],
114 silly audit   '@babel/compat-data': [ '7.29.0' ],
114 silly audit   '@babel/core': [ '7.29.0' ],
114 silly audit   semver: [ '6.3.1', '7.7.3' ],
114 silly audit   '@babel/generator': [ '7.29.0' ],
114 silly audit   '@babel/helper-compilation-targets': [ '7.28.6' ],
114 silly audit   '@babel/helper-globals': [ '7.28.0' ],
114 silly audit   '@babel/helper-module-imports': [ '7.28.6' ],
114 silly audit   '@babel/helper-module-transforms': [ '7.28.6' ],
114 silly audit   '@babel/helper-string-parser': [ '7.27.1' ],
114 silly audit   '@babel/helper-validator-identifier': [ '7.28.5' ],
114 silly audit   '@babel/helper-validator-option': [ '7.27.1' ],
114 silly audit   '@babel/helpers': [ '7.28.6' ],
114 silly audit   '@babel/parser': [ '7.29.0' ],
114 silly audit   '@babel/template': [ '7.28.6' ],
114 silly audit   '@babel/traverse': [ '7.29.0' ],
114 silly audit   '@babel/types': [ '7.29.0' ],
114 silly audit   '@emnapi/core': [ '1.8.1' ],
114 silly audit   '@emnapi/runtime': [ '1.8.1' ],
114 silly audit   '@emnapi/wasi-threads': [ '1.1.0' ],
114 silly audit   '@eslint-community/eslint-utils': [ '4.9.1' ],
114 silly audit   'eslint-visitor-keys': [ '3.4.3', '4.2.1' ],
114 silly audit   '@eslint-community/regexpp': [ '4.12.2' ],
114 silly audit   '@eslint/config-array': [ '0.21.1' ],
114 silly audit   '@eslint/config-helpers': [ '0.4.2' ],
114 silly audit   '@eslint/core': [ '0.17.0' ],
114 silly audit   '@eslint/eslintrc': [ '3.3.3' ],
114 silly audit   '@eslint/js': [ '9.39.2' ],
114 silly audit   '@eslint/object-schema': [ '2.1.7' ],
114 silly audit   '@eslint/plugin-kit': [ '0.4.1' ],
114 silly audit   '@humanfs/core': [ '0.19.1' ],
114 silly audit   '@humanfs/node': [ '0.16.7' ],
114 silly audit   '@humanwhocodes/module-importer': [ '1.0.1' ],
114 silly audit   '@humanwhocodes/retry': [ '0.4.3' ],
114 silly audit   '@img/colour': [ '1.0.0' ],
114 silly audit   '@img/sharp-darwin-arm64': [ '0.34.5' ],
114 silly audit   '@img/sharp-darwin-x64': [ '0.34.5' ],
114 silly audit   '@img/sharp-libvips-darwin-arm64': [ '1.2.4' ],
114 silly audit   '@img/sharp-libvips-darwin-x64': [ '1.2.4' ],
114 silly audit   '@img/sharp-libvips-linux-arm': [ '1.2.4' ],
114 silly audit   '@img/sharp-libvips-linux-arm64': [ '1.2.4' ],
114 silly audit   '@img/sharp-libvips-linux-ppc64': [ '1.2.4' ],
114 silly audit   '@img/sharp-libvips-linux-riscv64': [ '1.2.4' ],
114 silly audit   '@img/sharp-libvips-linux-s390x': [ '1.2.4' ],
114 silly audit   '@img/sharp-libvips-linux-x64': [ '1.2.4' ],
114 silly audit   '@img/sharp-libvips-linuxmusl-arm64': [ '1.2.4' ],
114 silly audit   '@img/sharp-libvips-linuxmusl-x64': [ '1.2.4' ],
114 silly audit   '@img/sharp-linux-arm': [ '0.34.5' ],
114 silly audit   '@img/sharp-linux-arm64': [ '0.34.5' ],
114 silly audit   '@img/sharp-linux-ppc64': [ '0.34.5' ],
114 silly audit   '@img/sharp-linux-riscv64': [ '0.34.5' ],
114 silly audit   '@img/sharp-linux-s390x': [ '0.34.5' ],
114 silly audit   '@img/sharp-linux-x64': [ '0.34.5' ],
114 silly audit   '@img/sharp-linuxmusl-arm64': [ '0.34.5' ],
114 silly audit   '@img/sharp-linuxmusl-x64': [ '0.34.5' ],
114 silly audit   '@img/sharp-wasm32': [ '0.34.5' ],
114 silly audit   '@img/sharp-win32-arm64': [ '0.34.5' ],
114 silly audit   '@img/sharp-win32-ia32': [ '0.34.5' ],
114 silly audit   '@img/sharp-win32-x64': [ '0.34.5' ],
114 silly audit   '@jridgewell/gen-mapping': [ '0.3.13' ],
114 silly audit   '@jridgewell/remapping': [ '2.3.5' ],
114 silly audit   '@jridgewell/resolve-uri': [ '3.1.2' ],
114 silly audit   '@jridgewell/sourcemap-codec': [ '1.5.5' ],
114 silly audit   '@jridgewell/trace-mapping': [ '0.3.31' ],
114 silly audit   '@napi-rs/wasm-runtime': [ '0.2.12' ],
114 silly audit   '@next/env': [ '16.1.6' ],
114 silly audit   '@next/eslint-plugin-next': [ '16.1.6' ],
114 silly audit   '@next/swc-darwin-arm64': [ '16.1.6' ],
114 silly audit   '@next/swc-darwin-x64': [ '16.1.6' ],
114 silly audit   '@next/swc-linux-arm64-gnu': [ '16.1.6' ],
114 silly audit   '@next/swc-linux-arm64-musl': [ '16.1.6' ],
114 silly audit   '@next/swc-linux-x64-gnu': [ '16.1.6' ],
114 silly audit   '@next/swc-linux-x64-musl': [ '16.1.6' ],
114 silly audit   '@next/swc-win32-arm64-msvc': [ '16.1.6' ],
114 silly audit   '@next/swc-win32-x64-msvc': [ '16.1.6' ],
114 silly audit   '@nodelib/fs.scandir': [ '2.1.5' ],
114 silly audit   '@nodelib/fs.stat': [ '2.0.5' ],
114 silly audit   '@nodelib/fs.walk': [ '1.2.8' ],
114 silly audit   '@nolyfill/is-core-module': [ '1.0.39' ],
114 silly audit   '@rtsao/scc': [ '1.1.0' ],
114 silly audit   '@swc/helpers': [ '0.5.15' ],
114 silly audit   '@tybys/wasm-util': [ '0.10.1' ],
114 silly audit   '@types/estree': [ '1.0.8' ],
114 silly audit   '@types/json-schema': [ '7.0.15' ],
114 silly audit   '@types/json5': [ '0.0.29' ],
114 silly audit   '@types/node': [ '25.2.0' ],
114 silly audit   '@types/react': [ '19.2.11' ],
114 silly audit   '@types/react-dom': [ '19.2.3' ],
114 silly audit   '@typescript-eslint/eslint-plugin': [ '8.54.0' ],
114 silly audit   ignore: [ '7.0.5', '5.3.2' ],
114 silly audit   '@typescript-eslint/parser': [ '8.54.0' ],
114 silly audit   '@typescript-eslint/project-service': [ '8.54.0' ],
114 silly audit   '@typescript-eslint/scope-manager': [ '8.54.0' ],
114 silly audit   '@typescript-eslint/tsconfig-utils': [ '8.54.0' ],
114 silly audit   '@typescript-eslint/type-utils': [ '8.54.0' ],
114 silly audit   '@typescript-eslint/types': [ '8.54.0' ],
114 silly audit   '@typescript-eslint/typescript-estree': [ '8.54.0' ],
114 silly audit   'brace-expansion': [ '2.0.2', '1.1.12' ],
114 silly audit   minimatch: [ '9.0.5', '3.1.2' ],
114 silly audit   '@typescript-eslint/utils': [ '8.54.0' ],
114 silly audit   '@typescript-eslint/visitor-keys': [ '8.54.0' ],
114 silly audit   '@unrs/resolver-binding-android-arm-eabi': [ '1.11.1' ],
114 silly audit   '@unrs/resolver-binding-android-arm64': [ '1.11.1' ],
114 silly audit   '@unrs/resolver-binding-darwin-arm64': [ '1.11.1' ],
114 silly audit   '@unrs/resolver-binding-darwin-x64': [ '1.11.1' ],
114 silly audit   '@unrs/resolver-binding-freebsd-x64': [ '1.11.1' ],
114 silly audit   '@unrs/resolver-binding-linux-arm-gnueabihf': [ '1.11.1' ],
114 silly audit   '@unrs/resolver-binding-linux-arm-musleabihf': [ '1.11.1' ],
114 silly audit   '@unrs/resolver-binding-linux-arm64-gnu': [ '1.11.1' ],
114 silly audit   '@unrs/resolver-binding-linux-arm64-musl': [ '1.11.1' ],
114 silly audit   '@unrs/resolver-binding-linux-ppc64-gnu': [ '1.11.1' ],
114 silly audit   '@unrs/resolver-binding-linux-riscv64-gnu': [ '1.11.1' ],
114 silly audit   '@unrs/resolver-binding-linux-riscv64-musl': [ '1.11.1' ],
114 silly audit   '@unrs/resolver-binding-linux-s390x-gnu': [ '1.11.1' ],
114 silly audit   '@unrs/resolver-binding-linux-x64-gnu': [ '1.11.1' ],
114 silly audit   '@unrs/resolver-binding-linux-x64-musl': [ '1.11.1' ],
114 silly audit   '@unrs/resolver-binding-wasm32-wasi': [ '1.11.1' ],
114 silly audit   '@unrs/resolver-binding-win32-arm64-msvc': [ '1.11.1' ],
114 silly audit   '@unrs/resolver-binding-win32-ia32-msvc': [ '1.11.1' ],
114 silly audit   '@unrs/resolver-binding-win32-x64-msvc': [ '1.11.1' ],
114 silly audit   acorn: [ '8.15.0' ],
114 silly audit   'acorn-jsx': [ '5.3.2' ],
114 silly audit   ajv: [ '6.12.6' ],
114 silly audit   'ansi-styles': [ '4.3.0' ],
114 silly audit   argparse: [ '2.0.1' ],
114 silly audit   'aria-query': [ '5.3.2' ],
114 silly audit   'array-buffer-byte-length': [ '1.0.2' ],
114 silly audit   'array-includes': [ '3.1.9' ],
114 silly audit   'array.prototype.findlast': [ '1.2.5' ],
114 silly audit   'array.prototype.findlastindex': [ '1.2.6' ],
114 silly audit   'array.prototype.flat': [ '1.3.3' ],
114 silly audit   'array.prototype.flatmap': [ '1.3.3' ],
114 silly audit   'array.prototype.tosorted': [ '1.1.4' ],
114 silly audit   'arraybuffer.prototype.slice': [ '1.0.4' ],
114 silly audit   'ast-types-flow': [ '0.0.8' ],
114 silly audit   'async-function': [ '1.0.0' ],
114 silly audit   'available-typed-arrays': [ '1.0.7' ],
114 silly audit   'axe-core': [ '4.11.1' ],
114 silly audit   'axobject-query': [ '4.1.0' ],
114 silly audit   'balanced-match': [ '1.0.2' ],
114 silly audit   'baseline-browser-mapping': [ '2.9.19' ],
114 silly audit   braces: [ '3.0.3' ],
114 silly audit   browserslist: [ '4.28.1' ],
114 silly audit   'call-bind': [ '1.0.8' ],
114 silly audit   'call-bind-apply-helpers': [ '1.0.2' ],
114 silly audit   'call-bound': [ '1.0.4' ],
114 silly audit   callsites: [ '3.1.0' ],
114 silly audit   'caniuse-lite': [ '1.0.30001767' ],
114 silly audit   chalk: [ '4.1.2' ],
114 silly audit   'client-only': [ '0.0.1' ],
114 silly audit   'color-convert': [ '2.0.1' ],
114 silly audit   'color-name': [ '1.1.4' ],
114 silly audit   'concat-map': [ '0.0.1' ],
114 silly audit   'convert-source-map': [ '2.0.0' ],
114 silly audit   'cross-spawn': [ '7.0.6' ],
114 silly audit   csstype: [ '3.2.3' ],
114 silly audit   'damerau-levenshtein': [ '1.0.8' ],
114 silly audit   'data-view-buffer': [ '1.0.2' ],
114 silly audit   'data-view-byte-length': [ '1.0.2' ],
114 silly audit   'data-view-byte-offset': [ '1.0.1' ],
114 silly audit   debug: [ '4.4.3', '3.2.7' ],
114 silly audit   'deep-is': [ '0.1.4' ],
114 silly audit   'define-data-property': [ '1.1.4' ],
114 silly audit   'define-properties': [ '1.2.1' ],
114 silly audit   'detect-libc': [ '2.1.2' ],
114 silly audit   doctrine: [ '2.1.0' ],
114 silly audit   'dunder-proto': [ '1.0.1' ],
114 silly audit   'electron-to-chromium': [ '1.5.286' ],
114 silly audit   'emoji-regex': [ '9.2.2' ],
114 silly audit   'es-abstract': [ '1.24.1' ],
114 silly audit   'es-define-property': [ '1.0.1' ],
114 silly audit   'es-errors': [ '1.3.0' ],
114 silly audit   'es-iterator-helpers': [ '1.2.2' ],
114 silly audit   'es-object-atoms': [ '1.1.1' ],
114 silly audit   'es-set-tostringtag': [ '2.1.0' ],
114 silly audit   'es-shim-unscopables': [ '1.1.0' ],
114 silly audit   'es-to-primitive': [ '1.3.0' ],
114 silly audit   escalade: [ '3.2.0' ],
114 silly audit   'escape-string-regexp': [ '4.0.0' ],
114 silly audit   eslint: [ '9.39.2' ],
114 silly audit   'eslint-config-next': [ '16.1.6' ],
114 silly audit   globals: [ '16.4.0', '14.0.0' ],
114 silly audit   'eslint-import-resolver-node': [ '0.3.9' ],
114 silly audit   'eslint-import-resolver-typescript': [ '3.10.1' ],
114 silly audit   'eslint-module-utils': [ '2.12.1' ],
114 silly audit   'eslint-plugin-import': [ '2.32.0' ],
114 silly audit   'eslint-plugin-jsx-a11y': [ '6.10.2' ],
114 silly audit   'eslint-plugin-react': [ '7.37.5' ],
114 silly audit   'eslint-plugin-react-hooks': [ '7.0.1' ],
114 silly audit   resolve: [ '2.0.0-next.5', '1.22.11' ],
114 silly audit   'eslint-scope': [ '8.4.0' ],
114 silly audit   espree: [ '10.4.0' ],
114 silly audit   esquery: [ '1.7.0' ],
114 silly audit   esrecurse: [ '4.3.0' ],
114 silly audit   estraverse: [ '5.3.0' ],
114 silly audit   esutils: [ '2.0.3' ],
114 silly audit   'fast-deep-equal': [ '3.1.3' ],
114 silly audit   'fast-glob': [ '3.3.1' ],
114 silly audit   'glob-parent': [ '5.1.2', '6.0.2' ],
114 silly audit   'fast-json-stable-stringify': [ '2.1.0' ],
114 silly audit   'fast-levenshtein': [ '2.0.6' ],
114 silly audit   fastq: [ '1.20.1' ],
114 silly audit   'file-entry-cache': [ '8.0.0' ],
114 silly audit   'fill-range': [ '7.1.1' ],
114 silly audit   'find-up': [ '5.0.0' ],
114 silly audit   'flat-cache': [ '4.0.1' ],
114 silly audit   flatted: [ '3.3.3' ],
114 silly audit   'for-each': [ '0.3.5' ],
114 silly audit   'function-bind': [ '1.1.2' ],
114 silly audit   'function.prototype.name': [ '1.1.8' ],
114 silly audit   'functions-have-names': [ '1.2.3' ],
114 silly audit   'generator-function': [ '2.0.1' ],
114 silly audit   gensync: [ '1.0.0-beta.2' ],
114 silly audit   'get-intrinsic': [ '1.3.0' ],
114 silly audit   'get-proto': [ '1.0.1' ],
114 silly audit   'get-symbol-description': [ '1.1.0' ],
114 silly audit   'get-tsconfig': [ '4.13.1' ],
114 silly audit   globalthis: [ '1.0.4' ],
114 silly audit   gopd: [ '1.2.0' ],
114 silly audit   'has-bigints': [ '1.1.0' ],
114 silly audit   'has-flag': [ '4.0.0' ],
114 silly audit   'has-property-descriptors': [ '1.0.2' ],
114 silly audit   'has-proto': [ '1.2.0' ],
114 silly audit   'has-symbols': [ '1.1.0' ],
114 silly audit   'has-tostringtag': [ '1.0.2' ],
114 silly audit   hasown: [ '2.0.2' ],
114 silly audit   'hermes-estree': [ '0.25.1' ],
114 silly audit   'hermes-parser': [ '0.25.1' ],
114 silly audit   'import-fresh': [ '3.3.1' ],
114 silly audit   imurmurhash: [ '0.1.4' ],
114 silly audit   'internal-slot': [ '1.1.0' ],
114 silly audit   'is-array-buffer': [ '3.0.5' ],
114 silly audit   'is-async-function': [ '2.1.1' ],
114 silly audit   'is-bigint': [ '1.1.0' ],
114 silly audit   'is-boolean-object': [ '1.2.2' ],
114 silly audit   'is-bun-module': [ '2.0.0' ],
114 silly audit   'is-callable': [ '1.2.7' ],
114 silly audit   'is-core-module': [ '2.16.1' ],
114 silly audit   'is-data-view': [ '1.0.2' ],
114 silly audit   'is-date-object': [ '1.1.0' ],
114 silly audit   'is-extglob': [ '2.1.1' ],
114 silly audit   'is-finalizationregistry': [ '1.1.1' ],
114 silly audit   'is-generator-function': [ '1.1.2' ],
114 silly audit   'is-glob': [ '4.0.3' ],
114 silly audit   'is-map': [ '2.0.3' ],
114 silly audit   'is-negative-zero': [ '2.0.3' ],
114 silly audit   'is-number': [ '7.0.0' ],
114 silly audit   'is-number-object': [ '1.1.1' ],
114 silly audit   'is-regex': [ '1.2.1' ],
114 silly audit   'is-set': [ '2.0.3' ],
114 silly audit   'is-shared-array-buffer': [ '1.0.4' ],
114 silly audit   'is-string': [ '1.1.1' ],
114 silly audit   'is-symbol': [ '1.1.1' ],
114 silly audit   'is-typed-array': [ '1.1.15' ],
114 silly audit   'is-weakmap': [ '2.0.2' ],
114 silly audit   'is-weakref': [ '1.1.1' ],
114 silly audit   'is-weakset': [ '2.0.4' ],
114 silly audit   isarray: [ '2.0.5' ],
114 silly audit   isexe: [ '2.0.0' ],
114 silly audit   'iterator.prototype': [ '1.1.5' ],
114 silly audit   'js-tokens': [ '4.0.0' ],
114 silly audit   'js-yaml': [ '4.1.1' ],
114 silly audit   jsesc: [ '3.1.0' ],
114 silly audit   'json-buffer': [ '3.0.1' ],
114 silly audit   'json-schema-traverse': [ '0.4.1' ],
114 silly audit   'json-stable-stringify-without-jsonify': [ '1.0.1' ],
114 silly audit   json5: [ '2.2.3', '1.0.2' ],
114 silly audit   'jsx-ast-utils': [ '3.3.5' ],
114 silly audit   keyv: [ '4.5.4' ],
114 silly audit   'language-subtag-registry': [ '0.3.23' ],
114 silly audit   'language-tags': [ '1.0.9' ],
114 silly audit   levn: [ '0.4.1' ],
114 silly audit   'locate-path': [ '6.0.0' ],
114 silly audit   'lodash.merge': [ '4.6.2' ],
114 silly audit   'loose-envify': [ '1.4.0' ],
114 silly audit   'lru-cache': [ '5.1.1' ],
114 silly audit   'math-intrinsics': [ '1.1.0' ],
114 silly audit   merge2: [ '1.4.1' ],
114 silly audit   micromatch: [ '4.0.8' ],
114 silly audit   minimist: [ '1.2.8' ],
114 silly audit   ms: [ '2.1.3' ],
114 silly audit   nanoid: [ '3.3.11' ],
114 silly audit   'napi-postinstall': [ '0.3.4' ],
114 silly audit   'natural-compare': [ '1.4.0' ],
114 silly audit   next: [ '16.1.6' ],
114 silly audit   'node-releases': [ '2.0.27' ],
114 silly audit   'object-assign': [ '4.1.1' ],
114 silly audit   'object-inspect': [ '1.13.4' ],
114 silly audit   'object-keys': [ '1.1.1' ],
114 silly audit   'object.assign': [ '4.1.7' ],
114 silly audit   'object.entries': [ '1.1.9' ],
114 silly audit   'object.fromentries': [ '2.0.8' ],
114 silly audit   'object.groupby': [ '1.0.3' ],
114 silly audit   'object.values': [ '1.2.1' ],
114 silly audit   optionator: [ '0.9.4' ],
114 silly audit   'own-keys': [ '1.0.1' ],
114 silly audit   'p-limit': [ '3.1.0' ],
114 silly audit   'p-locate': [ '5.0.0' ],
114 silly audit   'parent-module': [ '1.0.1' ],
114 silly audit   'path-exists': [ '4.0.0' ],
114 silly audit   'path-key': [ '3.1.1' ],
114 silly audit   'path-parse': [ '1.0.7' ],
114 silly audit   picocolors: [ '1.1.1' ],
114 silly audit   picomatch: [ '2.3.1', '4.0.3' ],
114 silly audit   'possible-typed-array-names': [ '1.1.0' ],
114 silly audit   postcss: [ '8.4.31' ],
114 silly audit   'prelude-ls': [ '1.2.1' ],
114 silly audit   'prop-types': [ '15.8.1' ],
114 silly audit   punycode: [ '2.3.1' ],
114 silly audit   'queue-microtask': [ '1.2.3' ],
114 silly audit   react: [ '19.2.4' ],
114 silly audit   'react-dom': [ '19.2.4' ],
114 silly audit   'react-is': [ '16.13.1' ],
114 silly audit   'reflect.getprototypeof': [ '1.0.10' ],
114 silly audit   'regexp.prototype.flags': [ '1.5.4' ],
114 silly audit   'resolve-from': [ '4.0.0' ],
114 silly audit   'resolve-pkg-maps': [ '1.0.0' ],
114 silly audit   reusify: [ '1.1.0' ],
114 silly audit   'run-parallel': [ '1.2.0' ],
114 silly audit   'safe-array-concat': [ '1.1.3' ],
114 silly audit   'safe-push-apply': [ '1.0.0' ],
114 silly audit   'safe-regex-test': [ '1.1.0' ],
114 silly audit   scheduler: [ '0.27.0' ],
114 silly audit   'set-function-length': [ '1.2.2' ],
114 silly audit   'set-function-name': [ '2.0.2' ],
114 silly audit   'set-proto': [ '1.0.0' ],
114 silly audit   'shebang-command': [ '2.0.0' ],
114 silly audit   'shebang-regex': [ '3.0.0' ],
114 silly audit   'side-channel': [ '1.1.0' ],
114 silly audit   'side-channel-list': [ '1.0.0' ],
114 silly audit   'side-channel-map': [ '1.0.1' ],
114 silly audit   'side-channel-weakmap': [ '1.0.2' ],
114 silly audit   'source-map-js': [ '1.2.1' ],
114 silly audit   'stable-hash': [ '0.0.5' ],
114 silly audit   'stop-iteration-iterator': [ '1.1.0' ],
114 silly audit   'string.prototype.includes': [ '2.0.1' ],
114 silly audit   'string.prototype.matchall': [ '4.0.12' ],
114 silly audit   'string.prototype.repeat': [ '1.0.0' ],
114 silly audit   'string.prototype.trim': [ '1.2.10' ],
114 silly audit   'string.prototype.trimend': [ '1.0.9' ],
114 silly audit   'string.prototype.trimstart': [ '1.0.8' ],
114 silly audit   'strip-bom': [ '3.0.0' ],
114 silly audit   'strip-json-comments': [ '3.1.1' ],
114 silly audit   'styled-jsx': [ '5.1.6' ],
114 silly audit   'supports-color': [ '7.2.0' ],
114 silly audit   'supports-preserve-symlinks-flag': [ '1.0.0' ],
114 silly audit   tinyglobby: [ '0.2.15' ],
114 silly audit   fdir: [ '6.5.0' ],
114 silly audit   'to-regex-range': [ '5.0.1' ],
114 silly audit   'ts-api-utils': [ '2.4.0' ],
114 silly audit   'tsconfig-paths': [ '3.15.0' ],
114 silly audit   tslib: [ '2.8.1' ],
114 silly audit   'type-check': [ '0.4.0' ],
114 silly audit   'typed-array-buffer': [ '1.0.3' ],
114 silly audit   'typed-array-byte-length': [ '1.0.3' ],
114 silly audit   'typed-array-byte-offset': [ '1.0.4' ],
114 silly audit   'typed-array-length': [ '1.0.7' ],
114 silly audit   typescript: [ '5.9.3' ],
114 silly audit   'typescript-eslint': [ '8.54.0' ],
114 silly audit   'unbox-primitive': [ '1.1.0' ],
114 silly audit   'undici-types': [ '7.16.0' ],
114 silly audit   'unrs-resolver': [ '1.11.1' ],
114 silly audit   'update-browserslist-db': [ '1.2.3' ],
114 silly audit   'uri-js': [ '4.4.1' ],
114 silly audit   which: [ '2.0.2' ],
114 silly audit   'which-boxed-primitive': [ '1.1.1' ],
114 silly audit   'which-builtin-type': [ '1.2.1' ],
114 silly audit   'which-collection': [ '1.0.2' ],
114 silly audit   'which-typed-array': [ '1.1.20' ],
114 silly audit   'word-wrap': [ '1.2.5' ],
114 silly audit   yallist: [ '3.1.1' ],
114 silly audit   'yocto-queue': [ '0.1.0' ],
114 silly audit   'zod-validation-error': [ '4.0.2' ],
114 silly audit   '@supabase/ssr': [ '0.8.0' ],
114 silly audit   '@supabase/supabase-js': [ '2.94.0' ],
114 silly audit   sharp: [ '0.34.5' ],
114 silly audit   zod: [ '4.3.6' ],
114 silly audit   cookie: [ '1.1.1' ],
114 silly audit   '@supabase/auth-js': [ '2.94.0' ],
114 silly audit   '@supabase/functions-js': [ '2.94.0' ],
114 silly audit   '@supabase/postgrest-js': [ '2.94.0' ],
114 silly audit   '@supabase/realtime-js': [ '2.94.0' ],
114 silly audit   '@supabase/storage-js': [ '2.94.0' ],
114 silly audit   '@types/phoenix': [ '1.6.7' ],
114 silly audit   '@types/ws': [ '8.18.1' ],
114 silly audit   ws: [ '8.19.0' ],
114 silly audit   'iceberg-js': [ '0.8.1' ]
114 silly audit }
115 http cache iceberg-js@https://registry.npmjs.org/iceberg-js/-/iceberg-js-0.8.1.tgz 0ms (cache hit)
116 http cache ws@https://registry.npmjs.org/ws/-/ws-8.19.0.tgz 0ms (cache hit)
117 http cache @types/phoenix@https://registry.npmjs.org/@types/phoenix/-/phoenix-1.6.7.tgz 0ms (cache hit)
118 http cache @supabase/storage-js@https://registry.npmjs.org/@supabase/storage-js/-/storage-js-2.94.0.tgz 0ms (cache hit)
119 http cache @supabase/realtime-js@https://registry.npmjs.org/@supabase/realtime-js/-/realtime-js-2.94.0.tgz 0ms (cache hit)
120 http cache @supabase/postgrest-js@https://registry.npmjs.org/@supabase/postgrest-js/-/postgrest-js-2.94.0.tgz 0ms (cache hit)
121 http cache @supabase/functions-js@https://registry.npmjs.org/@supabase/functions-js/-/functions-js-2.94.0.tgz 0ms (cache hit)
122 http cache @supabase/auth-js@https://registry.npmjs.org/@supabase/auth-js/-/auth-js-2.94.0.tgz 0ms (cache hit)
123 http cache @supabase/supabase-js@https://registry.npmjs.org/@supabase/supabase-js/-/supabase-js-2.94.0.tgz 1ms (cache hit)
124 http cache @supabase/ssr@https://registry.npmjs.org/@supabase/ssr/-/ssr-0.8.0.tgz 0ms (cache hit)
125 silly tarball no local data for iceberg-js@https://registry.npmjs.org/iceberg-js/-/iceberg-js-0.8.1.tgz. Extracting by manifest.
126 silly tarball no local data for ws@https://registry.npmjs.org/ws/-/ws-8.19.0.tgz. Extracting by manifest.
127 silly tarball no local data for @types/phoenix@https://registry.npmjs.org/@types/phoenix/-/phoenix-1.6.7.tgz. Extracting by manifest.
128 silly tarball no local data for @supabase/postgrest-js@https://registry.npmjs.org/@supabase/postgrest-js/-/postgrest-js-2.94.0.tgz. Extracting by manifest.
129 silly tarball no local data for @supabase/storage-js@https://registry.npmjs.org/@supabase/storage-js/-/storage-js-2.94.0.tgz. Extracting by manifest.
130 silly tarball no local data for @supabase/realtime-js@https://registry.npmjs.org/@supabase/realtime-js/-/realtime-js-2.94.0.tgz. Extracting by manifest.
131 silly tarball no local data for @supabase/functions-js@https://registry.npmjs.org/@supabase/functions-js/-/functions-js-2.94.0.tgz. Extracting by manifest.
132 http cache @types/ws@https://registry.npmjs.org/@types/ws/-/ws-8.18.1.tgz 0ms (cache hit)
133 silly tarball no local data for @supabase/supabase-js@https://registry.npmjs.org/@supabase/supabase-js/-/supabase-js-2.94.0.tgz. Extracting by manifest.
134 silly tarball no local data for @supabase/auth-js@https://registry.npmjs.org/@supabase/auth-js/-/auth-js-2.94.0.tgz. Extracting by manifest.
135 silly tarball no local data for @supabase/ssr@https://registry.npmjs.org/@supabase/ssr/-/ssr-0.8.0.tgz. Extracting by manifest.
136 silly tarball no local data for @types/ws@https://registry.npmjs.org/@types/ws/-/ws-8.18.1.tgz. Extracting by manifest.
137 http cache cookie@https://registry.npmjs.org/cookie/-/cookie-1.1.1.tgz 0ms (cache hit)
138 silly tarball no local data for cookie@https://registry.npmjs.org/cookie/-/cookie-1.1.1.tgz. Extracting by manifest.
139 http fetch GET 200 https://registry.npmjs.org/iceberg-js/-/iceberg-js-0.8.1.tgz 90ms (cache miss)
140 http fetch GET 200 https://registry.npmjs.org/ws/-/ws-8.19.0.tgz 92ms (cache miss)
141 http fetch POST 200 https://registry.npmjs.org/-/npm/v1/security/advisories/bulk 419ms
142 silly audit report {}
143 http fetch GET 200 https://registry.npmjs.org/@types/phoenix/-/phoenix-1.6.7.tgz 432ms (cache miss)
144 http fetch GET 200 https://registry.npmjs.org/@supabase/realtime-js/-/realtime-js-2.94.0.tgz 444ms (cache miss)
145 http fetch GET 200 https://registry.npmjs.org/@supabase/postgrest-js/-/postgrest-js-2.94.0.tgz 452ms (cache miss)
146 http fetch GET 200 https://registry.npmjs.org/@supabase/storage-js/-/storage-js-2.94.0.tgz 453ms (cache miss)
147 http fetch GET 200 https://registry.npmjs.org/cookie/-/cookie-1.1.1.tgz 527ms (cache miss)
148 http fetch GET 200 https://registry.npmjs.org/@types/ws/-/ws-8.18.1.tgz 531ms (cache miss)
149 http fetch GET 200 https://registry.npmjs.org/@supabase/supabase-js/-/supabase-js-2.94.0.tgz 552ms (cache miss)
150 http fetch GET 200 https://registry.npmjs.org/@supabase/functions-js/-/functions-js-2.94.0.tgz 566ms (cache miss)
151 http fetch GET 200 https://registry.npmjs.org/@supabase/auth-js/-/auth-js-2.94.0.tgz 983ms (cache miss)
152 http fetch GET 200 https://registry.npmjs.org/@supabase/ssr/-/ssr-0.8.0.tgz 990ms (cache miss)
153 silly ADD node_modules/iceberg-js
154 silly ADD node_modules/ws
155 silly ADD node_modules/@types/ws
156 silly ADD node_modules/@types/phoenix
157 silly ADD node_modules/@supabase/storage-js
158 silly ADD node_modules/@supabase/realtime-js
159 silly ADD node_modules/@supabase/postgrest-js
160 silly ADD node_modules/@supabase/functions-js
161 silly ADD node_modules/@supabase/auth-js
162 silly ADD node_modules/cookie
163 silly ADD node_modules/@supabase/supabase-js
164 silly ADD node_modules/@supabase/ssr
165 verbose cwd /Users/mrrayan07/Downloads/nawaz_mobiles
166 verbose os Darwin 25.1.0
167 verbose node v24.11.1
168 verbose npm  v11.6.2
169 verbose exit 0
170 info ok
